1528849869.864056 client started (62052): version 2.6, socket /private/tmp/tmux-501/default, protocol 8
1528849869.864114 on Darwin 17.6.0 Darwin Kernel Version 17.6.0: Tue May  8 15:22:16 PDT 2018; root:xnu-4570.61.1~1/RELEASE_X86_64; libevent 2.1.8-stable (select)
1528849869.864169 socket is /private/tmp/tmux-501/default
1528849869.864194 trying connect
1528849869.864300 add peer 0x7fa3f0810600: 6 (0x0)
1528849869.866151 sending message 100 to peer 0x7fa3f0810600 (4 bytes)
1528849869.866180 sending message 101 to peer 0x7fa3f0810600 (16 bytes)
1528849869.866191 sending message 102 to peer 0x7fa3f0810600 (13 bytes)
1528849869.866200 sending message 108 to peer 0x7fa3f0810600 (47 bytes)
1528849869.866221 sending message 104 to peer 0x7fa3f0810600 (0 bytes)
1528849869.866230 sending message 107 to peer 0x7fa3f0810600 (4 bytes)
1528849869.866239 sending message 105 to peer 0x7fa3f0810600 (39 bytes)
1528849869.866247 sending message 105 to peer 0x7fa3f0810600 (63 bytes)
1528849869.866255 sending message 105 to peer 0x7fa3f0810600 (76 bytes)
1528849869.866263 sending message 105 to peer 0x7fa3f0810600 (13 bytes)
1528849869.866271 sending message 105 to peer 0x7fa3f0810600 (19 bytes)
1528849869.866279 sending message 105 to peer 0x7fa3f0810600 (14 bytes)
1528849869.866288 sending message 105 to peer 0x7fa3f0810600 (20 bytes)
1528849869.866296 sending message 105 to peer 0x7fa3f0810600 (22 bytes)
1528849869.866304 sending message 105 to peer 0x7fa3f0810600 (11 bytes)
1528849869.866312 sending message 105 to peer 0x7fa3f0810600 (49 bytes)
1528849869.866320 sending message 105 to peer 0x7fa3f0810600 (24 bytes)
1528849869.866328 sending message 105 to peer 0x7fa3f0810600 (33 bytes)
1528849869.866336 sending message 105 to peer 0x7fa3f0810600 (18 bytes)
1528849869.866344 sending message 105 to peer 0x7fa3f0810600 (22 bytes)
1528849869.866353 sending message 105 to peer 0x7fa3f0810600 (61 bytes)
1528849869.866361 sending message 105 to peer 0x7fa3f0810600 (17 bytes)
1528849869.866369 sending message 105 to peer 0x7fa3f0810600 (21 bytes)
1528849869.866377 sending message 105 to peer 0x7fa3f0810600 (8 bytes)
1528849869.866385 sending message 105 to peer 0x7fa3f0810600 (14 bytes)
1528849869.866393 sending message 105 to peer 0x7fa3f0810600 (32 bytes)
1528849869.866401 sending message 105 to peer 0x7fa3f0810600 (49 bytes)
1528849869.866409 sending message 105 to peer 0x7fa3f0810600 (11 bytes)
1528849869.866418 sending message 105 to peer 0x7fa3f0810600 (996 bytes)
1528849869.866427 sending message 105 to peer 0x7fa3f0810600 (23 bytes)
1528849869.866435 sending message 105 to peer 0x7fa3f0810600 (23 bytes)
1528849869.866443 sending message 105 to peer 0x7fa3f0810600 (12 bytes)
1528849869.866451 sending message 105 to peer 0x7fa3f0810600 (18 bytes)
1528849869.866459 sending message 105 to peer 0x7fa3f0810600 (19 bytes)
1528849869.866467 sending message 105 to peer 0x7fa3f0810600 (51 bytes)
1528849869.866475 sending message 105 to peer 0x7fa3f0810600 (12 bytes)
1528849869.866488 sending message 105 to peer 0x7fa3f0810600 (24 bytes)
1528849869.866497 sending message 105 to peer 0x7fa3f0810600 (46 bytes)
1528849869.866505 sending message 105 to peer 0x7fa3f0810600 (15 bytes)
1528849869.866513 sending message 105 to peer 0x7fa3f0810600 (8 bytes)
1528849869.866521 sending message 105 to peer 0x7fa3f0810600 (66 bytes)
1528849869.866529 sending message 105 to peer 0x7fa3f0810600 (27 bytes)
1528849869.866537 sending message 105 to peer 0x7fa3f0810600 (21 bytes)
1528849869.866545 sending message 105 to peer 0x7fa3f0810600 (23 bytes)
1528849869.866553 sending message 105 to peer 0x7fa3f0810600 (27 bytes)
1528849869.866561 sending message 105 to peer 0x7fa3f0810600 (60 bytes)
1528849869.866569 sending message 105 to peer 0x7fa3f0810600 (57 bytes)
1528849869.866577 sending message 105 to peer 0x7fa3f0810600 (42 bytes)
1528849869.866585 sending message 105 to peer 0x7fa3f0810600 (14 bytes)
1528849869.866593 sending message 105 to peer 0x7fa3f0810600 (11 bytes)
1528849869.866601 sending message 105 to peer 0x7fa3f0810600 (14 bytes)
1528849869.866609 sending message 105 to peer 0x7fa3f0810600 (14 bytes)
1528849869.866636 sending message 105 to peer 0x7fa3f0810600 (19 bytes)
1528849869.866645 sending message 105 to peer 0x7fa3f0810600 (15 bytes)
1528849869.866653 sending message 105 to peer 0x7fa3f0810600 (28 bytes)
1528849869.866662 sending message 105 to peer 0x7fa3f0810600 (32 bytes)
1528849869.866670 sending message 105 to peer 0x7fa3f0810600 (109 bytes)
1528849869.866678 sending message 105 to peer 0x7fa3f0810600 (22 bytes)
1528849869.866686 sending message 105 to peer 0x7fa3f0810600 (17 bytes)
1528849869.866694 sending message 105 to peer 0x7fa3f0810600 (15 bytes)
1528849869.866702 sending message 106 to peer 0x7fa3f0810600 (0 bytes)
1528849869.866714 sending message 200 to peer 0x7fa3f0810600 (4 bytes)
1528849869.866722 client loop enter
1528849869.867061 peer 0x7fa3f0810600 message 211
1528849869.867098 peer 0x7fa3f0810600 message 203
1528849869.867110 client loop exit
